timestamp: 2022-02-20T18:51:34.111860
CREATE TABLE "Server"(
    "id" INTEGER PRIMARY KEY AUTOINCREMENT,
    "os" CHAR(512),
    "controls" CHAR(512),
    "data" CHAR(512),
    "description" CHAR(512),
    "findings" CHAR(512),
    "handlesresources" CHAR(512),
    "inboundary" CHAR(512),
    "inscope" CHAR(512),
    "inputs" CHAR(512),
    "levels" CHAR(512),
    "maxclassification" CHAR(512),
    "mintlsversion" CHAR(512),
    "name" CHAR(512),
    "onaws" CHAR(512),
    "onoci" CHAR(512),
    "onprem" CHAR(512),
    "outputs" CHAR(512),
    "overrides" CHAR(512),
    "port" CHAR(512),
    "protocol" CHAR(512),
    "sourcefiles" CHAR(512),
    "usescache" CHAR(512),
    "usesenvironmentvariables" CHAR(512),
    "usessessiontokens" CHAR(512),
    "usesvpn" CHAR(512),
    "usesxmlparser" CHAR(512)
);
success!
timestamp: 2022-02-20T18:51:34.115167
CREATE TABLE "ExternalEntity"(
    "id" INTEGER PRIMARY KEY AUTOINCREMENT,
    "os" CHAR(512),
    "controls" CHAR(512),
    "data" CHAR(512),
    "description" CHAR(512),
    "findings" CHAR(512),
    "handlesresources" CHAR(512),
    "hasphysicalaccess" CHAR(512),
    "inboundary" CHAR(512),
    "inscope" CHAR(512),
    "inputs" CHAR(512),
    "levels" CHAR(512),
    "maxclassification" CHAR(512),
    "mintlsversion" CHAR(512),
    "name" CHAR(512),
    "onaws" CHAR(512),
    "onoci" CHAR(512),
    "onprem" CHAR(512),
    "outputs" CHAR(512),
    "overrides" CHAR(512),
    "port" CHAR(512),
    "protocol" CHAR(512),
    "sourcefiles" CHAR(512),
    "usesenvironmentvariables" CHAR(512)
);
success!
timestamp: 2022-02-20T18:51:34.118039
CREATE TABLE "Dataflow"(
    "id" INTEGER PRIMARY KEY AUTOINCREMENT,
    "controls" CHAR(512),
    "data" CHAR(512),
    "description" CHAR(512),
    "dstport" CHAR(512),
    "findings" CHAR(512),
    "implementscommunicationprotocol" CHAR(512),
    "inboundary" CHAR(512),
    "inscope" CHAR(512),
    "isresponse" CHAR(512),
    "levels" CHAR(512),
    "maxclassification" CHAR(512),
    "mintlsversion" CHAR(512),
    "name" CHAR(512),
    "note" CHAR(512),
    "order" CHAR(512),
    "overrides" CHAR(512),
    "protocol" CHAR(512),
    "response" CHAR(512),
    "responseto" CHAR(512),
    "sink" CHAR(512),
    "source" CHAR(512),
    "sourcefiles" CHAR(512),
    "srcport" CHAR(512),
    "tlsversion" CHAR(512),
    "usessessiontokens" CHAR(512),
    "usesvpn" CHAR(512)
);
success!
timestamp: 2022-02-20T18:51:34.121056
CREATE TABLE "Datastore"(
    "id" INTEGER PRIMARY KEY AUTOINCREMENT,
    "os" CHAR(512),
    "controls" CHAR(512),
    "data" CHAR(512),
    "description" CHAR(512),
    "findings" CHAR(512),
    "handlesresources" CHAR(512),
    "haswriteaccess" CHAR(512),
    "inboundary" CHAR(512),
    "inscope" CHAR(512),
    "inputs" CHAR(512),
    "issql" CHAR(512),
    "isshared" CHAR(512),
    "levels" CHAR(512),
    "maxclassification" CHAR(512),
    "mintlsversion" CHAR(512),
    "name" CHAR(512),
    "onadb" CHAR(512),
    "onaws" CHAR(512),
    "onoci" CHAR(512),
    "onprem" CHAR(512),
    "onrds" CHAR(512),
    "outputs" CHAR(512),
    "overrides" CHAR(512),
    "port" CHAR(512),
    "protocol" CHAR(512),
    "sourcefiles" CHAR(512),
    "storeslogdata" CHAR(512),
    "storespii" CHAR(512),
    "storessensitivedata" CHAR(512),
    "type" CHAR(512),
    "usesenvironmentvariables" CHAR(512)
);
success!
timestamp: 2022-02-20T18:51:34.125761
CREATE TABLE "Actor"(
    "id" INTEGER PRIMARY KEY AUTOINCREMENT,
    "controls" CHAR(512),
    "data" CHAR(512),
    "description" CHAR(512),
    "findings" CHAR(512),
    "inboundary" CHAR(512),
    "inscope" CHAR(512),
    "inputs" CHAR(512),
    "isadmin" CHAR(512),
    "levels" CHAR(512),
    "maxclassification" CHAR(512),
    "mintlsversion" CHAR(512),
    "name" CHAR(512),
    "outputs" CHAR(512),
    "overrides" CHAR(512),
    "port" CHAR(512),
    "protocol" CHAR(512),
    "sourcefiles" CHAR(512)
);
success!
timestamp: 2022-02-20T18:51:34.130179
CREATE TABLE "Process"(
    "id" INTEGER PRIMARY KEY AUTOINCREMENT,
    "os" CHAR(512),
    "allowsclientsidescripting" CHAR(512),
    "bandwidth" CHAR(512),
    "codetype" CHAR(512),
    "controls" CHAR(512),
    "data" CHAR(512),
    "description" CHAR(512),
    "environment" CHAR(512),
    "findings" CHAR(512),
    "handlesresources" CHAR(512),
    "hasbandwidth" CHAR(512),
    "implementsapi" CHAR(512),
    "implementscommunicationprotocol" CHAR(512),
    "inboundary" CHAR(512),
    "inscope" CHAR(512),
    "inputs" CHAR(512),
    "levels" CHAR(512),
    "maxclassification" CHAR(512),
    "mintlsversion" CHAR(512),
    "name" CHAR(512),
    "onaws" CHAR(512),
    "onoci" CHAR(512),
    "onprem" CHAR(512),
    "outputs" CHAR(512),
    "overrides" CHAR(512),
    "port" CHAR(512),
    "protocol" CHAR(512),
    "sourcefiles" CHAR(512),
    "tracksexecutionflow" CHAR(512),
    "usesenvironmentvariables" CHAR(512)
);
success!
timestamp: 2022-02-20T18:51:34.133188
CREATE TABLE "SetOfProcesses"(
    "id" INTEGER PRIMARY KEY AUTOINCREMENT,
    "os" CHAR(512),
    "allowsclientsidescripting" CHAR(512),
    "bandwidth" CHAR(512),
    "codetype" CHAR(512),
    "controls" CHAR(512),
    "data" CHAR(512),
    "description" CHAR(512),
    "environment" CHAR(512),
    "findings" CHAR(512),
    "handlesresources" CHAR(512),
    "hasbandwidth" CHAR(512),
    "implementsapi" CHAR(512),
    "implementscommunicationprotocol" CHAR(512),
    "inboundary" CHAR(512),
    "inscope" CHAR(512),
    "inputs" CHAR(512),
    "levels" CHAR(512),
    "maxclassification" CHAR(512),
    "mintlsversion" CHAR(512),
    "name" CHAR(512),
    "onaws" CHAR(512),
    "onoci" CHAR(512),
    "onprem" CHAR(512),
    "outputs" CHAR(512),
    "overrides" CHAR(512),
    "port" CHAR(512),
    "protocol" CHAR(512),
    "sourcefiles" CHAR(512),
    "tracksexecutionflow" CHAR(512),
    "usesenvironmentvariables" CHAR(512)
);
success!
timestamp: 2022-02-20T18:51:34.135913
CREATE TABLE "Boundary"(
    "id" INTEGER PRIMARY KEY AUTOINCREMENT,
    "controls" CHAR(512),
    "description" CHAR(512),
    "findings" CHAR(512),
    "inboundary" CHAR(512),
    "inscope" CHAR(512),
    "levels" CHAR(512),
    "maxclassification" CHAR(512),
    "mintlsversion" CHAR(512),
    "name" CHAR(512),
    "overrides" CHAR(512),
    "sourcefiles" CHAR(512)
);
success!
timestamp: 2022-02-20T18:51:34.138634
CREATE TABLE "TM"(
    "id" INTEGER PRIMARY KEY AUTOINCREMENT,
    "assumptions" CHAR(512),
    "description" CHAR(512),
    "findings" CHAR(512),
    "ignoreunused" CHAR(512),
    "isordered" CHAR(512),
    "mergeresponses" CHAR(512),
    "name" CHAR(512),
    "onduplicates" CHAR(512),
    "threatsfile" CHAR(512)
);
success!
timestamp: 2022-02-20T18:51:34.141399
CREATE TABLE "Threat"(
    "id" INTEGER PRIMARY KEY AUTOINCREMENT,
    "condition" CHAR(512),
    "description" CHAR(512),
    "details" CHAR(512),
    "example" CHAR(512),
    "sid" CHAR(512),
    "mitigations" CHAR(512),
    "references" CHAR(512),
    "severity" CHAR(512),
    "target" CHAR(512)
);
success!
timestamp: 2022-02-20T18:51:34.144166
CREATE TABLE "Lambda"(
    "id" INTEGER PRIMARY KEY AUTOINCREMENT,
    "os" CHAR(512),
    "controls" CHAR(512),
    "data" CHAR(512),
    "description" CHAR(512),
    "environment" CHAR(512),
    "findings" CHAR(512),
    "handlesresources" CHAR(512),
    "implementsapi" CHAR(512),
    "inboundary" CHAR(512),
    "inscope" CHAR(512),
    "inputs" CHAR(512),
    "levels" CHAR(512),
    "maxclassification" CHAR(512),
    "mintlsversion" CHAR(512),
    "name" CHAR(512),
    "onaws" CHAR(512),
    "onoci" CHAR(512),
    "onprem" CHAR(512),
    "outputs" CHAR(512),
    "overrides" CHAR(512),
    "port" CHAR(512),
    "protocol" CHAR(512),
    "sourcefiles" CHAR(512),
    "usesenvironmentvariables" CHAR(512)
);
success!
timestamp: 2022-02-20T18:51:34.147163
CREATE TABLE "ociFunction"(
    "id" INTEGER PRIMARY KEY AUTOINCREMENT,
    "os" CHAR(512),
    "controls" CHAR(512),
    "data" CHAR(512),
    "description" CHAR(512),
    "environment" CHAR(512),
    "findings" CHAR(512),
    "handlesresources" CHAR(512),
    "implementsapi" CHAR(512),
    "inboundary" CHAR(512),
    "inscope" CHAR(512),
    "inputs" CHAR(512),
    "levels" CHAR(512),
    "maxclassification" CHAR(512),
    "mintlsversion" CHAR(512),
    "name" CHAR(512),
    "onaws" CHAR(512),
    "onoci" CHAR(512),
    "onprem" CHAR(512),
    "outputs" CHAR(512),
    "overrides" CHAR(512),
    "port" CHAR(512),
    "protocol" CHAR(512),
    "sourcefiles" CHAR(512),
    "usesenvironmentvariables" CHAR(512)
);
success!
timestamp: 2022-02-20T18:51:34.149974
CREATE TABLE "Data"(
    "id" INTEGER PRIMARY KEY AUTOINCREMENT,
    "carriedby" CHAR(512),
    "classification" CHAR(512),
    "credentialslife" CHAR(512),
    "description" CHAR(512),
    "format" CHAR(512),
    "iscredentials" CHAR(512),
    "isdestencryptedatrest" CHAR(512),
    "ispii" CHAR(512),
    "issourceencryptedatrest" CHAR(512),
    "isstored" CHAR(512),
    "name" CHAR(512),
    "processedby" CHAR(512)
);
success!
timestamp: 2022-02-20T18:51:34.152723
CREATE TABLE "Finding"(
    "id" INTEGER PRIMARY KEY AUTOINCREMENT,
    "condition" CHAR(512),
    "cvss" CHAR(512),
    "description" CHAR(512),
    "details" CHAR(512),
    "element" CHAR(512),
    "example" CHAR(512),
    "sid" CHAR(512),
    "mitigations" CHAR(512),
    "references" CHAR(512),
    "response" CHAR(512),
    "severity" CHAR(512),
    "target" CHAR(512),
    "threat_id" CHAR(512)
);
success!
